18:50:25| ****************************************
18:50:25| Part 2
18:50:25| 
18:50:25| File: ./mazes/very-small.bmp
18:50:25| Number of drawing commands = 80
18:50:25| Number of threads created  = 16
18:50:30| 
18:50:30| File: ./mazes/very-small-loops.bmp
18:50:30| Number of drawing commands = 322
18:50:30| Number of threads created  = 77
18:50:42| 
18:50:42| File: ./mazes/small.bmp
18:50:42| Number of drawing commands = 1658
18:50:42| Number of threads created  = 286
18:51:02| 
18:51:02| File: ./mazes/small-loops.bmp
18:51:02| Number of drawing commands = 2044
18:51:02| Number of threads created  = 481
18:51:30| 
18:51:30| File: ./mazes/small-odd.bmp
18:51:30| Number of drawing commands = 2156
18:51:30| Number of threads created  = 558
18:51:39| 
18:51:40| File: ./mazes/small-open.bmp
