18:44:42| ****************************************
18:44:42| Part 2
18:44:42| 
18:44:42| File: ./mazes/very-small.bmp
18:44:42| Number of drawing commands = 80
18:44:42| Number of threads created  = 2
18:44:49| 
18:44:49| File: ./mazes/very-small-loops.bmp
18:44:49| Number of drawing commands = 286
18:44:49| Number of threads created  = 5
18:44:57| 
18:44:57| File: ./mazes/small.bmp
18:44:57| Number of drawing commands = 1580
18:44:57| Number of threads created  = 19
18:45:27| 
18:45:27| File: ./mazes/small-loops.bmp
18:45:27| Number of drawing commands = 1894
18:45:27| Number of threads created  = 41
18:45:47| 
18:45:47| File: ./mazes/small-odd.bmp
