18:59:34| ****************************************
18:59:34| Part 2
18:59:34| 
18:59:34| File: ./mazes/very-small.bmp
18:59:34| Number of drawing commands = 78
18:59:34| Number of threads created  = 1
18:59:40| 
18:59:40| File: ./mazes/very-small-loops.bmp
18:59:40| Number of drawing commands = 246
18:59:40| Number of threads created  = 1
18:59:45| 
18:59:45| File: ./mazes/small.bmp
18:59:46| Number of drawing commands = 1992
18:59:46| Number of threads created  = 24
18:59:56| 
18:59:56| File: ./mazes/small-loops.bmp
18:59:57| Number of drawing commands = 1946
18:59:57| Number of threads created  = 55
19:00:05| 
19:00:05| File: ./mazes/small-odd.bmp
