19:00:30| ****************************************
19:00:30| Part 2
19:00:30| 
19:00:30| File: ./mazes/very-small.bmp
19:00:30| Number of drawing commands = 88
19:00:30| Number of threads created  = 3
19:00:33| 
19:00:33| File: ./mazes/very-small-loops.bmp
19:00:34| Number of drawing commands = 320
19:00:34| Number of threads created  = 10
19:00:43| 
19:00:43| File: ./mazes/small.bmp
19:00:43| Number of drawing commands = 1588
19:00:43| Number of threads created  = 28
19:00:48| 
19:00:48| File: ./mazes/small-loops.bmp
19:00:48| Number of drawing commands = 2046
19:00:48| Number of threads created  = 62
19:01:00| 
19:01:00| File: ./mazes/small-odd.bmp
19:01:00| Number of drawing commands = 2104
19:01:00| Number of threads created  = 242
