18:36:25| ****************************************
18:36:25| Part 2
18:36:25| 
18:36:25| File: ./mazes/very-small.bmp
18:36:25| Number of drawing commands = 82
18:36:25| Number of threads created  = 3
18:36:31| 
18:36:31| File: ./mazes/very-small-loops.bmp
18:36:31| Number of drawing commands = 276
18:36:31| Number of threads created  = 10
18:36:44| 
18:36:44| File: ./mazes/small.bmp
18:36:44| Number of drawing commands = 1678
18:36:44| Number of threads created  = 30
18:37:03| 
18:37:03| File: ./mazes/small-loops.bmp
18:37:03| Number of drawing commands = 2024
18:37:03| Number of threads created  = 63
18:37:31| 
18:37:31| File: ./mazes/small-odd.bmp
