19:04:21| ****************************************
19:04:21| Part 2
19:04:21| 
19:04:21| File: ./mazes/very-small.bmp
19:04:21| Number of drawing commands = 82
19:04:21| Number of threads created  = 17
19:04:25| 
19:04:25| File: ./mazes/very-small-loops.bmp
19:04:25| Number of drawing commands = 322
19:04:25| Number of threads created  = 94
19:04:27| 
19:04:27| File: ./mazes/small.bmp
19:04:27| Number of drawing commands = 1654
19:04:27| Number of threads created  = 376
19:04:28| 
19:04:28| File: ./mazes/small-loops.bmp
19:04:28| Number of drawing commands = 2028
19:04:28| Number of threads created  = 849
19:04:29| 
19:04:29| File: ./mazes/small-odd.bmp
19:04:29| Number of drawing commands = 2170
19:04:29| Number of threads created  = 1423
19:04:31| 
19:04:31| File: ./mazes/small-open.bmp
