18:23:49| ****************************************
18:23:49| Part 2
18:23:49| 
18:23:49| File: ./mazes/very-small.bmp
18:23:49| Number of drawing commands = 76
18:23:49| Number of threads created  = 3
18:23:53| 
18:23:53| File: ./mazes/very-small-loops.bmp
18:23:53| Number of drawing commands = 320
18:23:53| Number of threads created  = 6
18:24:06| 
18:24:06| File: ./mazes/small.bmp
18:24:07| Number of drawing commands = 1828
18:24:07| Number of threads created  = 19
18:24:46| 
18:24:46| File: ./mazes/small-loops.bmp
18:24:46| Number of drawing commands = 1942
18:24:46| Number of threads created  = 23
18:24:53| 
18:24:53| File: ./mazes/small-odd.bmp
