20:33:28| ****************************************
20:33:28| Part 2
20:33:28| 
20:33:28| File: ./mazes/very-small.bmp
20:33:28| Number of drawing commands = 80
20:33:28| Number of threads created  = 15
20:33:31| 
20:33:31| File: ./mazes/very-small-loops.bmp
20:33:31| Number of drawing commands = 322
20:33:31| Number of threads created  = 76
20:33:32| 
20:33:32| File: ./mazes/small.bmp
20:33:32| Number of drawing commands = 1666
20:33:32| Number of threads created  = 288
20:33:33| 
20:33:33| File: ./mazes/small-loops.bmp
20:33:33| Number of drawing commands = 2040
20:33:33| Number of threads created  = 476
20:33:33| 
20:33:33| File: ./mazes/small-odd.bmp
20:33:33| Number of drawing commands = 2198
20:33:33| Number of threads created  = 567
20:33:34| 
20:33:34| File: ./mazes/small-open.bmp
