11:45:25| ****************************************
11:45:25| Part 1
11:45:25| 
11:45:25| File: ./mazes/very-small.bmp
11:45:25| Drawing commands to solve = 106
11:45:34| Found path has length     = 11
11:45:34| 
11:45:34| File: ./mazes/very-small-loops.bmp
11:45:34| Drawing commands to solve = 334
11:45:45| Found path has length     = 63
11:45:45| 
11:45:45| File: ./mazes/small.bmp
11:45:45| Drawing commands to solve = 1358
11:45:46| Found path has length     = 79
11:45:46| 
11:45:46| File: ./mazes/small-loops.bmp
11:45:46| Drawing commands to solve = 1746
11:45:47| Found path has length     = 99
11:45:47| 
11:45:47| File: ./mazes/small-odd.bmp
11:45:47| Drawing commands to solve = 2166
11:45:49| Found path has length     = 81
11:45:49| 
11:45:49| File: ./mazes/small-open.bmp
11:45:49| Drawing commands to solve = 2546
11:45:50| Found path has length     = 415
11:45:50| 
11:45:50| File: ./mazes/large.bmp
11:45:50| Drawing commands to solve = 37678
11:45:56| Found path has length     = 1299
11:45:56| 
11:45:56| File: ./mazes/large-loops.bmp
11:45:56| Drawing commands to solve = 28854
11:46:01| Found path has length     = 1903
11:46:01| 
11:46:01| File: ./mazes/large-squares.bmp
11:46:01| Drawing commands to solve = 32150
11:46:10| Found path has length     = 1015
11:46:10| 
11:46:10| File: ./mazes/large-open.bmp
11:46:10| Drawing commands to solve = 6901
11:46:32| Found path has length     = 225
11:46:32| ****************************************
