20:38:41| ****************************************
20:38:41| Part 2
20:38:41| 
20:38:41| File: ./mazes/very-small.bmp
20:38:41| Number of drawing commands = 84
20:38:41| Number of threads created  = 17
20:38:43| 
20:38:43| File: ./mazes/very-small-loops.bmp
20:38:43| Number of drawing commands = 322
20:38:43| Number of threads created  = 77
20:38:45| 
20:38:45| File: ./mazes/small.bmp
20:38:45| Number of drawing commands = 1664
20:38:45| Number of threads created  = 287
20:38:46| 
20:38:46| File: ./mazes/small-loops.bmp
20:38:46| Number of drawing commands = 2076
20:38:46| Number of threads created  = 494
20:38:47| 
20:38:47| File: ./mazes/small-odd.bmp
20:38:47| Number of drawing commands = 2132
20:38:47| Number of threads created  = 532
20:38:48| 
20:38:48| File: ./mazes/large.bmp
20:38:49| Number of drawing commands = 30972
20:38:49| Number of threads created  = 7165
20:38:52| 
20:38:52| File: ./mazes/large-loops.bmp
20:38:53| Number of drawing commands = 32760
20:38:53| Number of threads created  = 8080
20:38:56| 
20:38:56| File: ./mazes/large-open.bmp
20:38:57| Number of drawing commands = 7317
20:38:57| Number of threads created  = 1949
20:38:59| 
20:38:59| File: ./mazes/large-squares.bmp
