21:20:00| ****************************************
21:20:00| Part 2
21:20:00| 
21:20:00| File: ./mazes/very-small.bmp
21:20:00| Number of drawing commands = 70
21:20:00| Number of threads created  = 0
21:20:02| 
21:20:02| File: ./mazes/very-small-loops.bmp
21:20:02| Number of drawing commands = 290
21:20:02| Number of threads created  = 2
21:20:04| 
21:20:04| File: ./mazes/small.bmp
21:20:04| Number of drawing commands = 2010
21:20:04| Number of threads created  = 23
21:20:06| 
21:20:06| File: ./mazes/small-loops.bmp
21:20:06| Number of drawing commands = 1804
21:20:06| Number of threads created  = 15
21:20:08| 
21:20:08| File: ./mazes/small-odd.bmp
21:20:08| Number of drawing commands = 1592
21:20:08| Number of threads created  = 58
21:20:09| 
21:20:09| File: ./mazes/large.bmp
21:20:09| Number of drawing commands = 30648
21:20:09| Number of threads created  = 347
21:20:12| 
21:20:12| File: ./mazes/large-loops.bmp
21:20:12| Number of drawing commands = 26092
21:20:12| Number of threads created  = 173
21:20:14| 
21:20:14| File: ./mazes/large-open.bmp
21:20:14| Number of drawing commands = 7921
21:20:14| Number of threads created  = 466
21:20:15| 
21:20:15| File: ./mazes/large-squares.bmp
21:20:15| Number of drawing commands = 32926
21:20:15| Number of threads created  = 717
21:20:19| 
21:20:19| File: ./mazes/small-open.bmp
21:20:19| Number of drawing commands = 2550
21:20:19| Number of threads created  = 109
21:20:21| ****************************************
