13:58:34| ****************************************
13:58:34| Part 2
13:58:34| 
13:58:34| File: ./mazes/very-small.bmp
13:58:35| Number of drawing commands = 80
13:58:35| Number of threads created  = 15
13:58:40| 
13:58:40| File: ./mazes/very-small-loops.bmp
13:58:40| Number of drawing commands = 322
13:58:40| Number of threads created  = 76
13:58:51| 
13:58:51| File: ./mazes/small.bmp
13:58:51| Number of drawing commands = 1656
13:58:51| Number of threads created  = 283
13:59:00| 
13:59:00| File: ./mazes/small-loops.bmp
13:59:01| Number of drawing commands = 2046
13:59:01| Number of threads created  = 478
13:59:08| 
13:59:08| File: ./mazes/small-odd.bmp
13:59:08| Number of drawing commands = 2192
13:59:08| Number of threads created  = 566
13:59:13| 
13:59:13| File: ./mazes/small-open.bmp
