12:43:21| ****************************************
12:43:21| Part 2
12:43:21| 
12:43:21| File: ./mazes/very-small.bmp
12:43:21| Number of drawing commands = 82
12:43:21| Number of threads created  = 16
12:43:24| 
12:43:24| File: ./mazes/very-small-loops.bmp
12:43:24| Number of drawing commands = 322
12:43:24| Number of threads created  = 79
12:43:33| 
12:43:33| File: ./mazes/small.bmp
12:43:33| Number of drawing commands = 1684
12:43:33| Number of threads created  = 298
12:43:35| 
12:43:35| File: ./mazes/small-loops.bmp
12:43:35| Number of drawing commands = 2038
12:43:35| Number of threads created  = 482
12:43:38| 
12:43:38| File: ./mazes/small-odd.bmp
12:43:38| Number of drawing commands = 2144
12:43:38| Number of threads created  = 561
12:43:42| 
12:43:42| File: ./mazes/small-open.bmp
