21:32:11| ****************************************
21:32:11| Part 2
21:32:11| 
21:32:11| File: ./mazes/very-small.bmp
21:32:11| Number of drawing commands = 86
21:32:11| Number of threads created  = 18
21:32:15| 
21:32:15| File: ./mazes/very-small-loops.bmp
21:32:15| Number of drawing commands = 322
21:32:15| Number of threads created  = 76
21:32:18| 
21:32:18| File: ./mazes/small.bmp
21:32:18| Number of drawing commands = 1674
21:32:18| Number of threads created  = 292
21:32:20| 
21:32:20| File: ./mazes/small-loops.bmp
21:32:20| Number of drawing commands = 2032
21:32:20| Number of threads created  = 472
21:32:22| 
21:32:22| File: ./mazes/small-odd.bmp
21:32:22| Number of drawing commands = 2170
21:32:22| Number of threads created  = 556
21:32:33| 
21:32:33| File: ./mazes/large.bmp
21:32:33| Number of drawing commands = 31096
21:32:33| Number of threads created  = 7227
21:33:13| 
21:33:13| File: ./mazes/large-loops.bmp
21:33:14| Number of drawing commands = 32722
21:33:14| Number of threads created  = 8066
21:34:44| 
21:34:44| File: ./mazes/large-open.bmp
21:34:44| Number of drawing commands = 7323
21:34:44| Number of threads created  = 1948
21:34:58| 
21:34:58| File: ./mazes/large-squares.bmp
