20:35:30| ****************************************
20:35:30| Part 2
20:35:30| 
20:35:30| File: ./mazes/very-small.bmp
20:35:30| Number of drawing commands = 86
20:35:30| Number of threads created  = 18
20:35:32| 
20:35:32| File: ./mazes/very-small-loops.bmp
20:35:32| Number of drawing commands = 322
20:35:32| Number of threads created  = 76
20:35:33| 
20:35:33| File: ./mazes/small.bmp
20:35:33| Number of drawing commands = 1698
20:35:33| Number of threads created  = 304
20:35:34| 
20:35:34| File: ./mazes/small-loops.bmp
20:35:34| Number of drawing commands = 2032
20:35:34| Number of threads created  = 471
20:35:35| 
20:35:35| File: ./mazes/small-odd.bmp
20:35:35| Number of drawing commands = 2134
20:35:35| Number of threads created  = 540
20:35:36| 
20:35:36| File: ./mazes/large.bmp
20:35:37| Number of drawing commands = 31004
20:35:37| Number of threads created  = 7181
20:35:59| 
20:35:59| File: ./mazes/large-loops.bmp
20:35:59| Number of drawing commands = 32740
20:35:59| Number of threads created  = 8073
20:36:13| 
20:36:13| File: ./mazes/large-open.bmp
20:36:13| Number of drawing commands = 7337
20:36:13| Number of threads created  = 1972
20:36:42| ****************************************
