15:55:54| ****************************************
15:55:54| Part 2
15:55:54| 
15:55:54| File: ./mazes/small-open.bmp
15:55:54| Number of drawing commands = 2550
15:55:54| Number of threads created  = 875
15:55:57| 
15:55:57| File: ./mazes/large-squares.bmp
15:55:59| Number of drawing commands = 32610
15:55:59| Number of threads created  = 7984
15:56:04| 
15:56:04| File: ./mazes/very-small.bmp
15:56:04| Number of drawing commands = 80
15:56:04| Number of threads created  = 15
15:56:07| 
15:56:07| File: ./mazes/very-small-loops.bmp
15:56:07| Number of drawing commands = 322
15:56:07| Number of threads created  = 76
15:56:10| 
15:56:10| File: ./mazes/small.bmp
15:56:11| Number of drawing commands = 1668
15:56:11| Number of threads created  = 289
15:56:17| 
15:56:17| File: ./mazes/small-loops.bmp
15:56:17| Number of drawing commands = 2024
15:56:17| Number of threads created  = 468
15:56:20| 
15:56:20| File: ./mazes/small-odd.bmp
15:56:20| Number of drawing commands = 2146
15:56:20| Number of threads created  = 541
15:56:23| 
15:56:23| File: ./mazes/large.bmp
15:56:24| Number of drawing commands = 31038
15:56:24| Number of threads created  = 7198
15:56:29| 
15:56:29| File: ./mazes/large-loops.bmp
15:56:30| Number of drawing commands = 32596
15:56:30| Number of threads created  = 8009
15:56:37| 
15:56:37| File: ./mazes/large-open.bmp
15:56:37| Number of drawing commands = 7309
15:56:37| Number of threads created  = 1974
15:56:43| ****************************************
