11:38:00| ****************************************
11:38:00| Part 2
11:38:00| 
11:38:00| File: ./mazes/small-open.bmp
11:38:00| Number of drawing commands = 2542
11:38:00| Number of threads created  = 892
11:38:08| 
11:38:08| File: ./mazes/large-squares.bmp
11:38:10| Number of drawing commands = 32614
11:38:10| Number of threads created  = 7986
11:38:18| 
11:38:18| File: ./mazes/very-small.bmp
11:38:18| Number of drawing commands = 80
11:38:18| Number of threads created  = 15
11:38:22| 
11:38:22| File: ./mazes/very-small-loops.bmp
11:38:22| Number of drawing commands = 322
11:38:22| Number of threads created  = 76
11:38:31| 
11:38:31| File: ./mazes/small.bmp
11:38:31| Number of drawing commands = 1692
11:38:31| Number of threads created  = 301
11:38:36| 
11:38:36| File: ./mazes/small-loops.bmp
11:38:36| Number of drawing commands = 2074
11:38:36| Number of threads created  = 492
11:38:39| 
11:38:39| File: ./mazes/small-odd.bmp
