14:25:40| ****************************************
14:25:40| Part 2
14:25:40| 
14:25:40| File: ./mazes/small-open.bmp
14:25:40| Number of drawing commands = 2518
14:25:40| Number of threads created  = 0
14:25:46| 
14:25:46| File: ./mazes/large-squares.bmp
14:25:47| Number of drawing commands = 32588
14:25:47| Number of threads created  = 0
14:25:59| 
14:25:59| File: ./mazes/very-small.bmp
14:25:59| Number of drawing commands = 84
14:25:59| Number of threads created  = 0
14:26:03| 
14:26:03| File: ./mazes/very-small-loops.bmp
14:26:03| Number of drawing commands = 322
14:26:03| Number of threads created  = 0
14:26:10| 
14:26:10| File: ./mazes/small.bmp
14:26:10| Number of drawing commands = 1690
14:26:10| Number of threads created  = 0
14:26:14| 
14:26:14| File: ./mazes/small-loops.bmp
14:26:14| Number of drawing commands = 2020
14:26:14| Number of threads created  = 0
14:26:17| 
14:26:17| File: ./mazes/small-odd.bmp
14:26:17| Number of drawing commands = 2188
14:26:17| Number of threads created  = 0
14:26:20| 
14:26:20| File: ./mazes/large.bmp
14:26:21| Number of drawing commands = 31222
14:26:21| Number of threads created  = 0
14:26:26| 
14:26:26| File: ./mazes/large-loops.bmp
14:26:27| Number of drawing commands = 32754
14:26:27| Number of threads created  = 0
14:26:34| 
14:26:34| File: ./mazes/large-open.bmp
14:26:35| Number of drawing commands = 7267
14:26:35| Number of threads created  = 0
14:26:39| ****************************************
