15:41:52| ****************************************
15:41:52| Part 2
15:41:52| 
15:41:52| File: ./mazes/very-small.bmp
15:41:52| Number of drawing commands = 82
15:41:52| Number of threads created  = 2
15:41:56| 
15:41:56| File: ./mazes/very-small-loops.bmp
15:41:56| Number of drawing commands = 322
15:41:56| Number of threads created  = 6
15:41:57| 
15:41:57| File: ./mazes/small.bmp
15:41:57| Number of drawing commands = 1670
15:41:57| Number of threads created  = 19
15:42:02| 
15:42:02| File: ./mazes/small-loops.bmp
15:42:02| Number of drawing commands = 2048
15:42:02| Number of threads created  = 31
15:42:04| 
15:42:04| File: ./mazes/small-odd.bmp
15:42:04| Number of drawing commands = 2196
15:42:04| Number of threads created  = 166
15:42:06| 
15:42:06| File: ./mazes/small-open.bmp
15:42:06| Number of drawing commands = 2532
15:42:06| Number of threads created  = 461
15:42:09| 
15:42:09| File: ./mazes/large.bmp
15:42:09| Number of drawing commands = 31016
15:42:09| Number of threads created  = 358
15:42:14| 
15:42:14| File: ./mazes/large-loops.bmp
15:42:14| Number of drawing commands = 30566
15:42:14| Number of threads created  = 488
15:42:21| 
15:42:21| File: ./mazes/large-squares.bmp
15:42:21| Number of drawing commands = 32692
15:42:21| Number of threads created  = 709
15:42:26| 
15:42:26| File: ./mazes/large-open.bmp
15:42:26| Number of drawing commands = 7305
15:42:26| Number of threads created  = 662
15:42:29| ****************************************
