14:30:14| ****************************************
14:30:14| Part 2
14:30:14| 
14:30:14| File: ./mazes/small-open.bmp
14:30:14| Number of drawing commands = 2528
14:30:14| Number of threads created  = 486
14:30:19| 
14:30:19| File: ./mazes/large-squares.bmp
14:30:19| Number of drawing commands = 32652
14:30:19| Number of threads created  = 709
14:30:27| 
14:30:27| File: ./mazes/very-small.bmp
14:30:27| Number of drawing commands = 82
14:30:27| Number of threads created  = 2
14:30:30| 
14:30:30| File: ./mazes/very-small-loops.bmp
14:30:30| Number of drawing commands = 322
14:30:30| Number of threads created  = 5
14:30:39| 
14:30:39| File: ./mazes/small.bmp
14:30:39| Number of drawing commands = 1668
14:30:39| Number of threads created  = 18
14:30:43| 
14:30:43| File: ./mazes/small-loops.bmp
14:30:43| Number of drawing commands = 2040
14:30:43| Number of threads created  = 31
14:30:47| 
14:30:47| File: ./mazes/small-odd.bmp
14:30:47| Number of drawing commands = 2164
14:30:47| Number of threads created  = 149
14:30:51| 
14:30:51| File: ./mazes/large.bmp
14:30:52| Number of drawing commands = 31224
14:30:52| Number of threads created  = 366
14:31:01| 
14:31:01| File: ./mazes/large-loops.bmp
14:31:01| Number of drawing commands = 31056
14:31:01| Number of threads created  = 509
14:31:07| 
14:31:07| File: ./mazes/large-open.bmp
14:31:08| Number of drawing commands = 7275
14:31:08| Number of threads created  = 667
14:31:16| ****************************************
