21:39:26| --------------------------------------------------------------------------------
21:39:26| Primes: 0
21:39:26|  
21:39:26| --------------------------------------------------------------------------------
21:39:26| Words: 0
21:39:26|  
21:39:26| --------------------------------------------------------------------------------
21:39:26| Uppercase: 0
21:39:26|  
21:39:26| --------------------------------------------------------------------------------
21:39:26| Sums: 0
21:39:26|  
21:39:26| --------------------------------------------------------------------------------
21:39:26| Names: 0
21:39:26|  
21:39:26| Number of Primes tasks: 0
21:39:26| Number of Words tasks: 0
21:39:26| Number of Uppercase tasks: 0
21:39:26| Number of Sums tasks: 0
21:39:26| Number of Names tasks: 0
21:39:26| Total time to process 0 tasks = 2.25372960
