19:50:48| --------------------------------------------------------------------------------
19:50:48| Primes: 0
19:50:48|  
19:50:48| --------------------------------------------------------------------------------
19:50:48| Words: 0
19:50:48|  
19:50:48| --------------------------------------------------------------------------------
19:50:48| Uppercase: 0
19:50:48|  
19:50:48| --------------------------------------------------------------------------------
19:50:48| Sums: 0
19:50:48|  
19:50:48| --------------------------------------------------------------------------------
19:50:48| Names: 0
19:50:48|  
19:50:48| Number of Primes tasks: 0
19:50:48| Number of Words tasks: 0
19:50:48| Number of Uppercase tasks: 0
19:50:48| Number of Sums tasks: 0
19:50:48| Number of Names tasks: 0
19:50:48| Total time to process 0 tasks = 2.58502310
