21:40:48| --------------------------------------------------------------------------------
21:40:48| Primes: 1
21:40:48| 9638760730083 is not prime
21:40:48|  
21:40:48| --------------------------------------------------------------------------------
21:40:48| Words: 1
21:40:48| amusement found
21:40:48|  
21:40:48| --------------------------------------------------------------------------------
21:40:48| Uppercase: 1
21:40:48| INJECT
21:40:48|  
21:40:48| --------------------------------------------------------------------------------
21:40:48| Sums: 1
21:40:48| sum of all numbers between 424 and 694,818
answer = 424 to 694,818 = 241,386,284,295
21:40:48|  
21:40:48| --------------------------------------------------------------------------------
21:40:48| Names: 1
21:40:48| http://127.0.0.1:8790/people/2/ has name C-3PO
21:40:48|  
21:40:48| Number of Primes tasks: 1
21:40:48| Number of Words tasks: 1
21:40:48| Number of Uppercase tasks: 1
21:40:48| Number of Sums tasks: 1
21:40:48| Number of Names tasks: 1
21:40:48| Total time to process 5 tasks = 3.46271370
